^ 107 : 6 5.9639 231.96153846153845 5.9639 (2011 - 2016)
^ 109 : 4 3.1356 502.5833333333333 3.1356 (2013 - 2016)
^ 110 : 7 3.4704 376.9375 3.4704 (2010 - 2016)
^ 112 : 7 5.3705 111.68518518518519 5.3705 (2012 - 2018)
^ 113 : 4 6.0339 64.15957446808511 6.0339 (2019 - 2022)
^ 116 : 6 19.2177 26.221739130434784 19.2177 (2022 - )
^ 119 : 7 6.626 137.0681818181818 6.626 (2013 - 2019)
^ 12 : 6 5.2071 77.32051282051282 5.2071 (2012 - 2017)
^ 121 : 5 3.8183 215.39285714285714 3.8183 (2023 - )
^ 14 : 5 17.1372 51.110169491525426 17.1372 (2023 - )
^ 147 : 7 11.6269 25.129166666666666 11.6269 (2011 - 2017)
^ 148 : 12 27.2986 22.503731343283583 27.2986 (2005 - 2016)
^ 149 : 3 5.4599 231.96153846153845 5.4599 (2015 - 2017)
^ 151 : 6 34.8593 18.16566265060241 34.8593 (2022 - )
^ 152 : 5 3.7915 335.05555555555554 3.7915 (2023 - )
^ 156 : 6 7.3454 188.46875 7.3454 (2011 - 2016)
^ 158 : 6 4.7237 215.39285714285714 4.7237 (2022 - )
^ 16 : 4 3.4115 188.46875 3.4115 (2020 - 2023)
^ 163 : 4 6.6473 54.82727272727273 6.6473 (2017 - 2020)
^ 164 : 6 5.7194 79.35526315789474 5.7194 (2022 - )
^ 166 : 8 4.8027 53.848214285714285 4.8027 (2020 - )
^ 168 : 4 3.6184 430.7857142857143 3.6184 (2024 - )
^ 169 : 6 3.2068 430.7857142857143 3.2068 (2011 - 2016)
^ 17 : 6 3.7586 335.05555555555554 3.7586 (2012 - 2017)
^ 177 : 5 3.5372 502.5833333333333 3.5372 (2008 - 2012)
^ 186 : 2 5.0232 301.55 5.0232 (2023 - 2024)
^ 188 : 3 9.6133 24.921487603305785 9.6133 (2010 - 2012)
^ 19 : 8 6.6087 120.62 6.6087 (2012 - 2019)
^ 191 : 8 14.5069 23.019083969465647 14.5069 (2008 - 2015)
^ 194 : 4 4.1363 376.9375 4.1363 (2024 - )
^ 198 : 6 8.4566 120.62 8.4566 (2022 - )
^ 202 : 3 34.349 5.271853146853147 34.349 (2022 - 2024)
^ 205 : 4 8.2472 150.775 8.2472 (2016 - 2019)
^ 206 : 13 38.2744 3.313736263736264 38.2744 (2005 - 2017)
^ 21 : 2 3.8079 430.7857142857143 3.8079 (2021 - 2022)
^ 211 : 7 3.2527 251.29166666666666 3.2527 (2021 - )
^ 213 : 3 3.586 502.5833333333333 3.586 (2011 - 2013)
^ 214 : 3 13.3676 36.77439024390244 13.3676 (2021 - 2023)
^ 216 : 2 5.7714 97.2741935483871 11.9252 (2019 - 2020)
^ 218 : 9 4.4872 158.71052631578948 4.4872 (2011 - 2019)
^ 226 : 5 3.3694 376.9375 3.3694 (2023 - )
^ 227 : 4 10.1721 107.69642857142857 10.1721 (2016 - 2019)
^ 228 : 7 3.5181 231.96153846153845 3.5181 (2014 - 2020)
^ 234 : 3 4.2476 335.05555555555554 4.2476 (2017 - 2019)
^ 237 : 3 4.0724 100.51666666666667 4.0724 (2020 - 2022)
^ 239 : 6 10.3504 97.2741935483871 10.3504 (2014 - 2019)
^ 241 : 2 5.9392 188.46875 5.9392 (2021 - 2022)
^ 243 : 8 11.4435 42.471830985915496 11.4435 (2009 - 2016)
^ 251 : 7 4.8018 167.52777777777777 4.8018 (2021 - )
^ 252 : 2 4.6995 20.654109589041095 14.676 (2018 - 2019)
^ 255 : 3 3.8772 274.1363636363636 3.8772 (2018 - 2020)
^ 256 : 2 3.5138 430.7857142857143 3.5138 (2023 - 2024)
^ 257 : 5 5.9047 215.39285714285714 5.9047 (2014 - 2018)
^ 260 : 15 4.0292 137.0681818181818 4.0292 (2005 - 2019)
^ 261 : 3 3.9647 73.54878048780488 3.9647 (2022 - 2024)
^ 28 : 8 5.9303 215.39285714285714 5.9303 (2009 - 2016)
^ 29 : 9 8.0277 61.54081632653061 8.0277 (2005 - 2013)
^ 30 : 7 13.3936 61.54081632653061 13.3936 (2021 - )
^ 33 : 13 11.8149 47.86507936507937 11.8149 (2006 - 2018)
^ 35 : 2 3.2632 502.5833333333333 3.2632 (2021 - 2022)
^ 38 : 4 3.1663 335.05555555555554 3.1663 (2021 - 2024)
^ 40 : 3 3.1566 502.5833333333333 3.1566 (2015 - 2017)
^ 41 : 7 6.495 103.98275862068965 6.495 (2021 - )
^ 59 : 3 5.8342 231.96153846153845 5.8342 (2021 - 2023)
^ 6 : 3 9.2229 137.0681818181818 9.2229 (2022 - 2024)
^ 61 : 8 6.0072 125.64583333333333 6.0072 (2009 - 2016)
^ 62 : 2 4.3224 376.9375 4.3224 (2018 - 2019)
^ 64 : 5 10.8455 103.98275862068965 10.8455 (2015 - 2019)
^ 65 : 6 5.7399 177.38235294117646 5.7399 (2022 - )
^ 66 : 7 11.7425 55.842592592592595 11.7425 (2010 - 2016)
^ 67 : 3 7.5902 9.727419354838709 7.5902 (2022 - 2024)
^ 7 : 6 4.8259 61.54081632653061 4.8259 (2010 - 2015)
^ 73 : 7 4.7945 201.03333333333333 4.7945 (2007 - 2013)
^ 79 : 3 5.0189 251.29166666666666 5.0189 (2022 - 2024)
^ 8 : 7 4.9438 167.52777777777777 4.9438 (2011 - 2017)
^ 89 : 3 4.4563 167.52777777777777 4.4563 (2018 - 2020)
^ 92 : 5 8.8078 4.763823064770932 8.8078 (2005 - 2009)
^ 95 : 6 7.3346 61.54081632653061 7.3346 (2013 - 2018)
^ 97 : 6 3.9565 177.38235294117646 3.9565 (2018 - 2023)
^ 98 : 8 4.3742 376.9375 4.3742 (2006 - 2013)
